10:52:53 **** Auto Build of configuration Debug for project SSD1306_example_app_bsp_xilffs_polled_example_1 ****
make all 
'Building file: ../src/xilffs_polled_example.c'
'Invoking: ARM gcc compiler'
arm-xilinx-eabi-gcc -Wall -O0 -g3 -c -fmessage-length=0 -MT"src/xilffs_polled_example.o" -I../../SSD1306_example_app_bsp/ps7_cortexa9_0/include -MMD -MP -MF"src/xilffs_polled_example.d" -MT"src/xilffs_polled_example.d" -o "src/xilffs_polled_example.o" "../src/xilffs_polled_example.c"
../src/xilffs_polled_example.c: In function 'FfsSdPolledExample':
../src/xilffs_polled_example.c:234:2: warning: implicit declaration of function 'f_puts' [-Wimplicit-function-declaration]
  Res=f_puts("sekkusu",&fil);
  ^
'Finished building: ../src/xilffs_polled_example.c'
' '
'Building target: SSD1306_example_app_bsp_xilffs_polled_example_1.elf'
'Invoking: ARM gcc linker'
arm-xilinx-eabi-gcc -Wl,-T -Wl,../src/lscript.ld -L../../SSD1306_example_app_bsp/ps7_cortexa9_0/lib -o "SSD1306_example_app_bsp_xilffs_polled_example_1.elf"  ./src/xilffs_polled_example.o   -Wl,--start-group,-lxil,-lgcc,-lc,--end-group -Wl,--start-group,-lxilffs,-lxil,-lgcc,-lc,--end-group
./src/xilffs_polled_example.o: In function `FfsSdPolledExample':
C:\Users\0036472890\workspace\SSD1306_example\SSD1306_example.sdk\SSD1306_example_app_bsp_xilffs_polled_example_1\Debug/../src/xilffs_polled_example.c:234: undefined reference to `f_puts'
collect2.exe: error: ld returned 1 exit status
make: *** [SSD1306_example_app_bsp_xilffs_polled_example_1.elf] Error 1

10:52:54 Build Finished (took 1s.300ms)

